INFO:root:[APPLICATION][START]
INFO:root:[CONFIG][__init__]
INFO:root:[PLATFORM]=win32
INFO:root:'C:\Program Files\Tesseract-OCR\tesseract.exe
ERROR:root:tesseract was not found
DEBUG:PIL.TiffImagePlugin:tag: Make (271) - type: string (2) - value: b'HP\x00'
DEBUG:PIL.TiffImagePlugin:tag: Model (272) - type: string (2) Tag Location: 34 - Data Location: 122 - value: b'HP pst_p02c\x00'
DEBUG:PIL.TiffImagePlugin:tag: XResolution (282) - type: rational (5) Tag Location: 46 - Data Location: 134 - value: b'\xc8\x00\x00\x00\x01\x00\x00\x00'
DEBUG:PIL.TiffImagePlugin:tag: YResolution (283) - type: rational (5) Tag Location: 58 - Data Location: 142 - value: b'\xc8\x00\x00\x00\x01\x00\x00\x00'
DEBUG:PIL.TiffImagePlugin:tag: ResolutionUnit (296) - type: short (3) - value: b'\x02\x00'
DEBUG:PIL.TiffImagePlugin:tag: YCbCrPositioning (531) - type: short (3) - value: b'\x02\x00'
DEBUG:PIL.TiffImagePlugin:tag: ReferenceBlackWhite (532) - type: rational (5) Tag Location: 94 - Data Location: 150 - value: <table: 48 bytes>
DEBUG:PIL.TiffImagePlugin:tag: ExifIFD (34665) - type: long (4) - value: b'\xc6\x00\x00\x00'
INFO:root:[APPLICATION][START]
INFO:root:[CONFIG][__init__]
INFO:root:[PLATFORM]=win32
INFO:root:'C:\Program Files\Tesseract-OCR\tesseract.exe
ERROR:root:tesseract was not found
DEBUG:PIL.TiffImagePlugin:tag: Make (271) - type: string (2) - value: b'HP\x00'
DEBUG:PIL.TiffImagePlugin:tag: Model (272) - type: string (2) Tag Location: 34 - Data Location: 122 - value: b'HP pst_p02c\x00'
DEBUG:PIL.TiffImagePlugin:tag: XResolution (282) - type: rational (5) Tag Location: 46 - Data Location: 134 - value: b'\xc8\x00\x00\x00\x01\x00\x00\x00'
DEBUG:PIL.TiffImagePlugin:tag: YResolution (283) - type: rational (5) Tag Location: 58 - Data Location: 142 - value: b'\xc8\x00\x00\x00\x01\x00\x00\x00'
DEBUG:PIL.TiffImagePlugin:tag: ResolutionUnit (296) - type: short (3) - value: b'\x02\x00'
DEBUG:PIL.TiffImagePlugin:tag: YCbCrPositioning (531) - type: short (3) - value: b'\x02\x00'
DEBUG:PIL.TiffImagePlugin:tag: ReferenceBlackWhite (532) - type: rational (5) Tag Location: 94 - Data Location: 150 - value: <table: 48 bytes>
DEBUG:PIL.TiffImagePlugin:tag: ExifIFD (34665) - type: long (4) - value: b'\xc6\x00\x00\x00'
INFO:root:[APPLICATION][START]
INFO:root:[CONFIG][__init__]
INFO:root:[PLATFORM]=win32
INFO:root:'C:\Program Files\Tesseract-OCR\tesseract.exe
ERROR:root:tesseract was not found
DEBUG:PIL.TiffImagePlugin:tag: Make (271) - type: string (2) - value: b'HP\x00'
DEBUG:PIL.TiffImagePlugin:tag: Model (272) - type: string (2) Tag Location: 34 - Data Location: 122 - value: b'HP pst_p02c\x00'
DEBUG:PIL.TiffImagePlugin:tag: XResolution (282) - type: rational (5) Tag Location: 46 - Data Location: 134 - value: b'\xc8\x00\x00\x00\x01\x00\x00\x00'
DEBUG:PIL.TiffImagePlugin:tag: YResolution (283) - type: rational (5) Tag Location: 58 - Data Location: 142 - value: b'\xc8\x00\x00\x00\x01\x00\x00\x00'
DEBUG:PIL.TiffImagePlugin:tag: ResolutionUnit (296) - type: short (3) - value: b'\x02\x00'
DEBUG:PIL.TiffImagePlugin:tag: YCbCrPositioning (531) - type: short (3) - value: b'\x02\x00'
DEBUG:PIL.TiffImagePlugin:tag: ReferenceBlackWhite (532) - type: rational (5) Tag Location: 94 - Data Location: 150 - value: <table: 48 bytes>
DEBUG:PIL.TiffImagePlugin:tag: ExifIFD (34665) - type: long (4) - value: b'\xc6\x00\x00\x00'
INFO:root:[APPLICATION][START]
INFO:root:[CONFIG][__init__]
INFO:root:[PLATFORM]=win32
INFO:root:C:\Program Files\Tesseract-OCR\tesseract.exe
